<?xml version="1.0" encoding="UTF-8"?>
<robot generator="Robot 5.0 (Python 3.8.10 on linux)" generated="20220501 17:21:29.027" rpa="false" schemaversion="3">
<suite id="s1" name="Robot Interactive Console" source="/home/caio-celk/.vscode/extensions/robocorp.robotframework-lsp-0.46.0/src/robotframework_ls/vendored/robotframework_interactive/robot_interactive_console.robot">
<test id="s1-t1" name="Default Task/Test" line="5">
<kw name="Interpreter Main Loop" library="MainLoop">
<status status="PASS" starttime="20220501 17:21:29.050" endtime="20220501 17:21:30.560"/>
</kw>
<status status="PASS" starttime="20220501 17:21:29.049" endtime="20220501 17:21:30.560"/>
</test>
<status status="PASS" starttime="20220501 17:21:29.028" endtime="20220501 17:21:30.561"/>
</suite>
<statistics>
<total>
<stat pass="1" fail="0" skip="0">All Tests</stat>
</total>
<tag>
</tag>
<suite>
<stat pass="1" fail="0" skip="0" id="s1" name="Robot Interactive Console">Robot Interactive Console</stat>
</suite>
</statistics>
<errors>
</errors>
</robot>
