<?xml version="1.0" encoding="UTF-8"?>
<robot generator="Robot 5.0 (Python 3.8.10 on linux)" generated="20220501 17:35:35.544" rpa="false" schemaversion="3">
<suite id="s1" name="amarzonTest BDD" source="/home/caio-celk/projeto/robotframework/webtests/amarzonTest_BDD.robot">
<test id="s1-t1" name="Caso de testes numero 1 - Acesso ao menu &quot;Eletrônicos&quot;" line="12">
<kw name="Abrir navegador" library="amarzon_resources" type="SETUP">
<kw name="Open Browser" library="SeleniumLibrary">
<arg>browser=chrome</arg>
<doc>Opens a new browser instance to the optional ``url``.</doc>
<msg timestamp="20220501 17:35:35.704" level="INFO">Opening browser 'chrome' to base url 'None'.</msg>
<status status="PASS" starttime="20220501 17:35:35.704" endtime="20220501 17:35:36.811"/>
</kw>
<kw name="Maximize Browser Window" library="SeleniumLibrary">
<doc>Maximizes current browser window.</doc>
<status status="PASS" starttime="20220501 17:35:36.811" endtime="20220501 17:35:36.930"/>
</kw>
<status status="PASS" starttime="20220501 17:35:35.704" endtime="20220501 17:35:36.931"/>
</kw>
<kw name="Dado que estou na home page da Amazon.com.br" library="amarzon_resources">
<kw name="Acessar a home page do site Amazon.com.br" library="amarzon_resources">
<kw name="Go To" library="SeleniumLibrary">
<arg>url=${URL}</arg>
<doc>Navigates the current browser window to the provided ``url``.</doc>
<msg timestamp="20220501 17:35:36.936" level="INFO">Opening url 'https://www.amazon.com.br/'</msg>
<status status="PASS" starttime="20220501 17:35:36.934" endtime="20220501 17:35:39.199"/>
</kw>
<kw name="Wait Until Element Is Visible" library="SeleniumLibrary">
<arg>${MENU_ELETRONICOS}</arg>
<doc>Waits until the element ``locator`` is visible.</doc>
<status status="PASS" starttime="20220501 17:35:39.200" endtime="20220501 17:35:39.399"/>
</kw>
<status status="PASS" starttime="20220501 17:35:36.933" endtime="20220501 17:35:39.399"/>
</kw>
<status status="PASS" starttime="20220501 17:35:36.933" endtime="20220501 17:35:39.399"/>
</kw>
<kw name=" Quando acessar o menu &quot;Eletrônicos&quot;" library="amarzon_resources">
<kw name="Entrar no menu &quot;Eletrônicos&quot;" library="amarzon_resources">
<kw name="Click Element" library="SeleniumLibrary">
<arg>${MENU_ELETRONICOS}</arg>
<doc>Click the element identified by ``locator``.</doc>
<msg timestamp="20220501 17:35:39.402" level="INFO">Clicking element '//*[@id="nav-xshop"]/a[9]'.</msg>
<status status="PASS" starttime="20220501 17:35:39.401" endtime="20220501 17:35:42.879"/>
</kw>
<status status="PASS" starttime="20220501 17:35:39.401" endtime="20220501 17:35:42.879"/>
</kw>
<status status="PASS" starttime="20220501 17:35:39.399" endtime="20220501 17:35:42.879"/>
</kw>
<kw name="E o texto &quot;Eletrônicos e Tecnologia&quot; deve ser exibido na página" library="amarzon_resources" sourcename="E o texto &quot;${TEXTO_HEADER_ELETRONICOS}&quot; deve ser exibido na página">
<kw name="Verificar se aparece a frase &quot;${TEXTO_HEADER_ELETRONICOS}&quot;" library="amarzon_resources" sourcename="Verificar se aparece a frase &quot;${TEXTO_HEADER_ELETRONICOS}&quot;">
<kw name="Wait Until Page Contains" library="SeleniumLibrary">
<arg>text=${TEXTO_HEADER_ELETRONICOS}</arg>
<doc>Waits until ``text`` appears on the current page.</doc>
<status status="PASS" starttime="20220501 17:35:42.881" endtime="20220501 17:35:43.268"/>
</kw>
<status status="PASS" starttime="20220501 17:35:42.881" endtime="20220501 17:35:43.268"/>
</kw>
<status status="PASS" starttime="20220501 17:35:42.880" endtime="20220501 17:35:43.269"/>
</kw>
<kw name="Fechar navegador" library="amarzon_resources" type="TEARDOWN">
<kw name="Capture Page Screenshot" library="SeleniumLibrary">
<arg>locator</arg>
<doc>Takes a screenshot of the current page and embeds it into a log file.</doc>
<msg timestamp="20220501 17:35:43.728" level="INFO" html="true">&lt;/td&gt;&lt;/tr&gt;&lt;tr&gt;&lt;td colspan="3"&gt;&lt;a href="locator"&gt;&lt;img src="locator" width="800px"&gt;&lt;/a&gt;</msg>
<msg timestamp="20220501 17:35:43.728" level="INFO">/usr/local/lib/python3.8/dist-packages/selenium/webdriver/remote/webdriver.py:1319: UserWarning: name used for saved screenshot does not match file type. It should end with a `.png` extension
  warnings.warn("name used for saved screenshot does not match file "</msg>
<status status="PASS" starttime="20220501 17:35:43.270" endtime="20220501 17:35:43.728"/>
</kw>
<kw name="Close Browser" library="SeleniumLibrary">
<doc>Closes the current browser.</doc>
<status status="PASS" starttime="20220501 17:35:43.728" endtime="20220501 17:35:43.830"/>
</kw>
<status status="PASS" starttime="20220501 17:35:43.269" endtime="20220501 17:35:43.830"/>
</kw>
<doc>Verifica eletronicos no site da amarzon</doc>
<tag>menus_</tag>
<status status="PASS" starttime="20220501 17:35:35.703" endtime="20220501 17:35:43.830"/>
</test>
<doc>Essa suite testa o site da amarzon</doc>
<status status="PASS" starttime="20220501 17:35:35.545" endtime="20220501 17:35:43.832"/>
</suite>
<statistics>
<total>
<stat pass="1" fail="0" skip="0">All Tests</stat>
</total>
<tag>
<stat pass="1" fail="0" skip="0">menus_</stat>
</tag>
<suite>
<stat pass="1" fail="0" skip="0" id="s1" name="amarzonTest BDD">amarzonTest BDD</stat>
</suite>
</statistics>
<errors>
</errors>
</robot>
